{"C:\\Users\\ragto\\IdeaProjects\\EDMIS\\edmis-app-frontend\\src\\App.tsx": {"path":"C:\\Users\\ragto\\IdeaProjects\\EDMIS\\edmis-app-frontend\\src\\App.tsx","statementMap":{"0":{"start":{"line":1,"column":0},"end":{"line":1,"column":19}},"1":{"start":{"line":2,"column":0},"end":{"line":2,"column":36}},"2":{"start":{"line":3,"column":0},"end":{"line":3,"column":43}},"3":{"start":{"line":6,"column":2},"end":{"line":10,"column":4}},"4":{"start":{"line":13,"column":0},"end":{"line":13,"column":19}}},"fnMap":{"0":{"name":"App","decl":{"start":{"line":5,"column":9},"end":{"line":5,"column":12}},"loc":{"start":{"line":5,"column":12},"end":{"line":11,"column":1}}}},"branchMap":{},"s":{"0":0,"1":0,"2":0,"3":0,"4":0},"f":{"0":0},"b":{}}
,"C:\\Users\\ragto\\IdeaProjects\\EDMIS\\edmis-app-frontend\\src\\main.tsx": {"path":"C:\\Users\\ragto\\IdeaProjects\\EDMIS\\edmis-app-frontend\\src\\main.tsx","statementMap":{"0":{"start":{"line":1,"column":0},"end":{"line":1,"column":35}},"1":{"start":{"line":2,"column":0},"end":{"line":2,"column":46}},"2":{"start":{"line":3,"column":0},"end":{"line":3,"column":21}},"3":{"start":{"line":4,"column":0},"end":{"line":4,"column":28}},"4":{"start":{"line":5,"column":0},"end":{"line":5,"column":39}},"5":{"start":{"line":6,"column":0},"end":{"line":6,"column":41}},"6":{"start":{"line":8,"column":0},"end":{"line":14,"column":2}}},"fnMap":{},"branchMap":{},"s":{"0":0,"1":0,"2":0,"3":0,"4":0,"5":0,"6":0},"f":{},"b":{}}
,"C:\\Users\\ragto\\IdeaProjects\\EDMIS\\edmis-app-frontend\\src\\components\\form-components\\address-section\\address-section.tsx": {"path":"C:\\Users\\ragto\\IdeaProjects\\EDMIS\\edmis-app-frontend\\src\\components\\form-components\\address-section\\address-section.tsx","statementMap":{"0":{"start":{"line":1,"column":0},"end":{"line":1,"column":null}},"1":{"start":{"line":7,"column":0},"end":{"line":7,"column":61}},"2":{"start":{"line":9,"column":23},"end":{"line":90,"column":1}},"3":{"start":{"line":10,"column":2},"end":{"line":89,"column":4}},"4":{"start":{"line":92,"column":0},"end":{"line":92,"column":30}}},"fnMap":{"0":{"name":"(anonymous_0)","decl":{"start":{"line":9,"column":23},"end":{"line":9,"column":26}},"loc":{"start":{"line":9,"column":28},"end":{"line":90,"column":1}}}},"branchMap":{},"s":{"0":1,"1":1,"2":1,"3":1,"4":1},"f":{"0":1},"b":{}}
,"C:\\Users\\ragto\\IdeaProjects\\EDMIS\\edmis-app-frontend\\src\\components\\form-components\\button-configs\\standard-button-config.tsx": {"path":"C:\\Users\\ragto\\IdeaProjects\\EDMIS\\edmis-app-frontend\\src\\components\\form-components\\button-configs\\standard-button-config.tsx","statementMap":{"0":{"start":{"line":6,"column":29},"end":{"line":31,"column":1}},"1":{"start":{"line":7,"column":40},"end":{"line":7,"column":45}},"2":{"start":{"line":8,"column":2},"end":{"line":30,"column":4}},"3":{"start":{"line":33,"column":0},"end":{"line":33,"column":36}}},"fnMap":{"0":{"name":"(anonymous_0)","decl":{"start":{"line":6,"column":29},"end":{"line":6,"column":30}},"loc":{"start":{"line":6,"column":67},"end":{"line":31,"column":1}}}},"branchMap":{},"s":{"0":1,"1":1,"2":1,"3":1},"f":{"0":1},"b":{}}
,"C:\\Users\\ragto\\IdeaProjects\\EDMIS\\edmis-app-frontend\\src\\components\\form-components\\contact-section\\contact-section.tsx": {"path":"C:\\Users\\ragto\\IdeaProjects\\EDMIS\\edmis-app-frontend\\src\\components\\form-components\\contact-section\\contact-section.tsx","statementMap":{"0":{"start":{"line":1,"column":30},"end":{"line":50,"column":1}},"1":{"start":{"line":2,"column":2},"end":{"line":49,"column":4}},"2":{"start":{"line":1,"column":13},"end":{"line":1,"column":30}},"3":{"start":{"line":52,"column":0},"end":{"line":52,"column":30}}},"fnMap":{"0":{"name":"(anonymous_0)","decl":{"start":{"line":1,"column":30},"end":{"line":1,"column":33}},"loc":{"start":{"line":1,"column":35},"end":{"line":50,"column":1}}}},"branchMap":{},"s":{"0":1,"1":1,"2":1,"3":1},"f":{"0":1},"b":{}}
,"C:\\Users\\ragto\\IdeaProjects\\EDMIS\\edmis-app-frontend\\src\\components\\form-components\\state-selector\\state-selector.tsx": {"path":"C:\\Users\\ragto\\IdeaProjects\\EDMIS\\edmis-app-frontend\\src\\components\\form-components\\state-selector\\state-selector.tsx","statementMap":{"0":{"start":{"line":1,"column":0},"end":{"line":1,"column":49}},"1":{"start":{"line":7,"column":29},"end":{"line":74,"column":1}},"2":{"start":{"line":10,"column":23},"end":{"line":10,"column":28}},"3":{"start":{"line":12,"column":2},"end":{"line":73,"column":4}},"4":{"start":{"line":7,"column":13},"end":{"line":7,"column":29}},"5":{"start":{"line":76,"column":0},"end":{"line":76,"column":29}}},"fnMap":{"0":{"name":"(anonymous_0)","decl":{"start":{"line":7,"column":29},"end":{"line":7,"column":null}},"loc":{"start":{"line":9,"column":24},"end":{"line":74,"column":1}}}},"branchMap":{},"s":{"0":1,"1":1,"2":2,"3":2,"4":1,"5":1},"f":{"0":2},"b":{}}
,"C:\\Users\\ragto\\IdeaProjects\\EDMIS\\edmis-app-frontend\\src\\hooks\\useApi.ts": {"path":"C:\\Users\\ragto\\IdeaProjects\\EDMIS\\edmis-app-frontend\\src\\hooks\\useApi.ts","statementMap":{"0":{"start":{"line":1,"column":0},"end":{"line":1,"column":46}},"1":{"start":{"line":2,"column":0},"end":{"line":2,"column":50}},"2":{"start":{"line":18,"column":22},"end":{"line":50,"column":1}},"3":{"start":{"line":24,"column":34},"end":{"line":24,"column":58}},"4":{"start":{"line":25,"column":28},"end":{"line":25,"column":57}},"5":{"start":{"line":26,"column":32},"end":{"line":26,"column":56}},"6":{"start":{"line":28,"column":22},"end":{"line":47,"column":34}},"7":{"start":{"line":29,"column":4},"end":{"line":29,"column":21}},"8":{"start":{"line":30,"column":4},"end":{"line":30,"column":19}},"9":{"start":{"line":32,"column":39},"end":{"line":37,"column":6}},"10":{"start":{"line":39,"column":4},"end":{"line":46,"column":5}},"11":{"start":{"line":40,"column":18},"end":{"line":40,"column":37}},"12":{"start":{"line":41,"column":6},"end":{"line":41,"column":28}},"13":{"start":{"line":43,"column":6},"end":{"line":43,"column":73}},"14":{"start":{"line":45,"column":6},"end":{"line":45,"column":24}},"15":{"start":{"line":49,"column":2},"end":{"line":49,"column":51}},"16":{"start":{"line":18,"column":13},"end":{"line":18,"column":22}}},"fnMap":{"0":{"name":"(anonymous_0)","decl":{"start":{"line":18,"column":22},"end":{"line":18,"column":32}},"loc":{"start":{"line":23,"column":35},"end":{"line":50,"column":1}}},"1":{"name":"(anonymous_1)","decl":{"start":{"line":28,"column":34},"end":{"line":28,"column":39}},"loc":{"start":{"line":28,"column":45},"end":{"line":47,"column":3}}}},"branchMap":{"0":{"loc":{"start":{"line":20,"column":2},"end":{"line":20,"column":16}},"type":"default-arg","locations":[{"start":{"line":20,"column":11},"end":{"line":20,"column":16}}]},"1":{"loc":{"start":{"line":21,"column":2},"end":{"line":21,"column":14}},"type":"default-arg","locations":[{"start":{"line":21,"column":12},"end":{"line":21,"column":14}}]},"2":{"loc":{"start":{"line":22,"column":2},"end":{"line":22,"column":13}},"type":"default-arg","locations":[{"start":{"line":22,"column":9},"end":{"line":22,"column":13}}]},"3":{"loc":{"start":{"line":43,"column":15},"end":{"line":43,"column":71}},"type":"cond-expr","locations":[{"start":{"line":43,"column":38},"end":{"line":43,"column":49}},{"start":{"line":43,"column":52},"end":{"line":43,"column":71}}]}},"s":{"0":1,"1":1,"2":1,"3":2,"4":2,"5":2,"6":2,"7":1,"8":1,"9":1,"10":1,"11":1,"12":1,"13":0,"14":1,"15":2,"16":1},"f":{"0":2,"1":1},"b":{"0":[2],"1":[2],"2":[2],"3":[0,0]}}
,"C:\\Users\\ragto\\IdeaProjects\\EDMIS\\edmis-app-frontend\\src\\mocks\\handlers.ts": {"path":"C:\\Users\\ragto\\IdeaProjects\\EDMIS\\edmis-app-frontend\\src\\mocks\\handlers.ts","statementMap":{"0":{"start":{"line":1,"column":0},"end":{"line":1,"column":27}},"1":{"start":{"line":3,"column":13},"end":{"line":17,"column":2}},"2":{"start":{"line":5,"column":4},"end":{"line":15,"column":6}}},"fnMap":{"0":{"name":"(anonymous_0)","decl":{"start":{"line":4,"column":21},"end":{"line":4,"column":22}},"loc":{"start":{"line":4,"column":39},"end":{"line":16,"column":3}}}},"branchMap":{},"s":{"0":7,"1":7,"2":0},"f":{"0":0},"b":{}}
,"C:\\Users\\ragto\\IdeaProjects\\EDMIS\\edmis-app-frontend\\src\\mocks\\server.ts": {"path":"C:\\Users\\ragto\\IdeaProjects\\EDMIS\\edmis-app-frontend\\src\\mocks\\server.ts","statementMap":{"0":{"start":{"line":1,"column":0},"end":{"line":1,"column":39}},"1":{"start":{"line":2,"column":0},"end":{"line":2,"column":38}},"2":{"start":{"line":4,"column":13},"end":{"line":4,"column":47}}},"fnMap":{},"branchMap":{},"s":{"0":7,"1":7,"2":7},"f":{},"b":{}}
,"C:\\Users\\ragto\\IdeaProjects\\EDMIS\\edmis-app-frontend\\src\\pages\\home-page\\home-page.tsx": {"path":"C:\\Users\\ragto\\IdeaProjects\\EDMIS\\edmis-app-frontend\\src\\pages\\home-page\\home-page.tsx","statementMap":{"0":{"start":{"line":1,"column":17},"end":{"line":3,"column":1}},"1":{"start":{"line":2,"column":2},"end":{"line":2,"column":28}},"2":{"start":{"line":5,"column":0},"end":{"line":5,"column":24}}},"fnMap":{"0":{"name":"(anonymous_0)","decl":{"start":{"line":1,"column":17},"end":{"line":1,"column":20}},"loc":{"start":{"line":1,"column":22},"end":{"line":3,"column":1}}}},"branchMap":{},"s":{"0":1,"1":1,"2":1},"f":{"0":1},"b":{}}
,"C:\\Users\\ragto\\IdeaProjects\\EDMIS\\edmis-app-frontend\\src\\pages\\not-found\\not-found.tsx": {"path":"C:\\Users\\ragto\\IdeaProjects\\EDMIS\\edmis-app-frontend\\src\\pages\\not-found\\not-found.tsx","statementMap":{"0":{"start":{"line":1,"column":17},"end":{"line":3,"column":1}},"1":{"start":{"line":2,"column":2},"end":{"line":2,"column":28}},"2":{"start":{"line":5,"column":0},"end":{"line":5,"column":24}}},"fnMap":{"0":{"name":"(anonymous_0)","decl":{"start":{"line":1,"column":17},"end":{"line":1,"column":20}},"loc":{"start":{"line":1,"column":22},"end":{"line":3,"column":1}}}},"branchMap":{},"s":{"0":1,"1":1,"2":1},"f":{"0":1},"b":{}}
,"C:\\Users\\ragto\\IdeaProjects\\EDMIS\\edmis-app-frontend\\src\\pages\\register-student\\register-student.tsx": {"path":"C:\\Users\\ragto\\IdeaProjects\\EDMIS\\edmis-app-frontend\\src\\pages\\register-student\\register-student.tsx","statementMap":{"0":{"start":{"line":1,"column":0},"end":{"line":1,"column":47}},"1":{"start":{"line":2,"column":0},"end":{"line":2,"column":94}},"2":{"start":{"line":3,"column":0},"end":{"line":3,"column":94}},"3":{"start":{"line":4,"column":0},"end":{"line":4,"column":106}},"4":{"start":{"line":7,"column":31},"end":{"line":69,"column":1}},"5":{"start":{"line":8,"column":21},"end":{"line":49,"column":3}},"6":{"start":{"line":9,"column":4},"end":{"line":9,"column":27}},"7":{"start":{"line":10,"column":21},"end":{"line":10,"column":54}},"8":{"start":{"line":11,"column":20},"end":{"line":11,"column":58}},"9":{"start":{"line":13,"column":29},"end":{"line":20,"column":6}},"10":{"start":{"line":22,"column":33},"end":{"line":42,"column":6}},"11":{"start":{"line":44,"column":41},"end":{"line":47,"column":6}},"12":{"start":{"line":48,"column":4},"end":{"line":48,"column":25}},"13":{"start":{"line":51,"column":22},"end":{"line":51,"column":30}},"14":{"start":{"line":52,"column":23},"end":{"line":52,"column":31}},"15":{"start":{"line":54,"column":2},"end":{"line":68,"column":4}},"16":{"start":{"line":7,"column":13},"end":{"line":7,"column":31}}},"fnMap":{"0":{"name":"(anonymous_0)","decl":{"start":{"line":7,"column":31},"end":{"line":7,"column":34}},"loc":{"start":{"line":7,"column":36},"end":{"line":69,"column":1}}},"1":{"name":"(anonymous_1)","decl":{"start":{"line":8,"column":21},"end":{"line":8,"column":22}},"loc":{"start":{"line":8,"column":65},"end":{"line":49,"column":3}}},"2":{"name":"(anonymous_2)","decl":{"start":{"line":51,"column":22},"end":{"line":51,"column":25}},"loc":{"start":{"line":51,"column":27},"end":{"line":51,"column":30}}},"3":{"name":"(anonymous_3)","decl":{"start":{"line":52,"column":23},"end":{"line":52,"column":26}},"loc":{"start":{"line":52,"column":28},"end":{"line":52,"column":31}}}},"branchMap":{},"s":{"0":1,"1":1,"2":1,"3":1,"4":1,"5":1,"6":0,"7":0,"8":0,"9":0,"10":0,"11":0,"12":0,"13":1,"14":1,"15":1,"16":1},"f":{"0":1,"1":0,"2":0,"3":0},"b":{}}
,"C:\\Users\\ragto\\IdeaProjects\\EDMIS\\edmis-app-frontend\\src\\pages\\student-detail\\student-detail.tsx": {"path":"C:\\Users\\ragto\\IdeaProjects\\EDMIS\\edmis-app-frontend\\src\\pages\\student-detail\\student-detail.tsx","statementMap":{"0":{"start":{"line":1,"column":22},"end":{"line":3,"column":1}},"1":{"start":{"line":2,"column":2},"end":{"line":2,"column":33}},"2":{"start":{"line":5,"column":0},"end":{"line":5,"column":29}}},"fnMap":{"0":{"name":"(anonymous_0)","decl":{"start":{"line":1,"column":22},"end":{"line":1,"column":25}},"loc":{"start":{"line":1,"column":27},"end":{"line":3,"column":1}}}},"branchMap":{},"s":{"0":1,"1":1,"2":1},"f":{"0":1},"b":{}}
,"C:\\Users\\ragto\\IdeaProjects\\EDMIS\\edmis-app-frontend\\src\\pages\\student-list\\student-list.tsx": {"path":"C:\\Users\\ragto\\IdeaProjects\\EDMIS\\edmis-app-frontend\\src\\pages\\student-list\\student-list.tsx","statementMap":{"0":{"start":{"line":1,"column":20},"end":{"line":3,"column":1}},"1":{"start":{"line":2,"column":2},"end":{"line":2,"column":31}},"2":{"start":{"line":5,"column":0},"end":{"line":5,"column":27}}},"fnMap":{"0":{"name":"(anonymous_0)","decl":{"start":{"line":1,"column":20},"end":{"line":1,"column":23}},"loc":{"start":{"line":1,"column":25},"end":{"line":3,"column":1}}}},"branchMap":{},"s":{"0":1,"1":1,"2":1},"f":{"0":1},"b":{}}
,"C:\\Users\\ragto\\IdeaProjects\\EDMIS\\edmis-app-frontend\\src\\pages\\subject-list\\subject-list.tsx": {"path":"C:\\Users\\ragto\\IdeaProjects\\EDMIS\\edmis-app-frontend\\src\\pages\\subject-list\\subject-list.tsx","statementMap":{"0":{"start":{"line":1,"column":20},"end":{"line":3,"column":1}},"1":{"start":{"line":2,"column":2},"end":{"line":2,"column":31}},"2":{"start":{"line":5,"column":0},"end":{"line":5,"column":27}}},"fnMap":{"0":{"name":"(anonymous_0)","decl":{"start":{"line":1,"column":20},"end":{"line":1,"column":23}},"loc":{"start":{"line":1,"column":25},"end":{"line":3,"column":1}}}},"branchMap":{},"s":{"0":1,"1":1,"2":1},"f":{"0":1},"b":{}}
,"C:\\Users\\ragto\\IdeaProjects\\EDMIS\\edmis-app-frontend\\src\\routes\\AppRouter.tsx": {"path":"C:\\Users\\ragto\\IdeaProjects\\EDMIS\\edmis-app-frontend\\src\\routes\\AppRouter.tsx","statementMap":{"0":{"start":{"line":2,"column":0},"end":{"line":2,"column":74}},"1":{"start":{"line":3,"column":0},"end":{"line":3,"column":52}},"2":{"start":{"line":4,"column":0},"end":{"line":4,"column":52}},"3":{"start":{"line":5,"column":0},"end":{"line":5,"column":77}},"4":{"start":{"line":6,"column":0},"end":{"line":6,"column":67}},"5":{"start":{"line":7,"column":0},"end":{"line":7,"column":61}},"6":{"start":{"line":8,"column":0},"end":{"line":8,"column":61}},"7":{"start":{"line":10,"column":18},"end":{"line":20,"column":null}},"8":{"start":{"line":11,"column":2},"end":{"line":19,"column":null}},"9":{"start":{"line":23,"column":0},"end":{"line":23,"column":25}}},"fnMap":{"0":{"name":"(anonymous_0)","decl":{"start":{"line":10,"column":18},"end":{"line":10,"column":21}},"loc":{"start":{"line":11,"column":2},"end":{"line":19,"column":null}}}},"branchMap":{},"s":{"0":0,"1":0,"2":0,"3":0,"4":0,"5":0,"6":0,"7":0,"8":0,"9":0},"f":{"0":0},"b":{}}
,"C:\\Users\\ragto\\IdeaProjects\\EDMIS\\edmis-app-frontend\\src\\store\\edmisAccountSlice.ts": {"path":"C:\\Users\\ragto\\IdeaProjects\\EDMIS\\edmis-app-frontend\\src\\store\\edmisAccountSlice.ts","statementMap":{"0":{"start":{"line":1,"column":0},"end":{"line":1,"column":62}},"1":{"start":{"line":24,"column":41},"end":{"line":32,"column":2}},"2":{"start":{"line":34,"column":26},"end":{"line":55,"column":2}},"3":{"start":{"line":42,"column":6},"end":{"line":49,"column":7}},"4":{"start":{"line":46,"column":8},"end":{"line":46,"column":72}},"5":{"start":{"line":48,"column":8},"end":{"line":48,"column":59}},"6":{"start":{"line":52,"column":6},"end":{"line":52,"column":43}},"7":{"start":{"line":57,"column":15},"end":{"line":57,"column":66}},"8":{"start":{"line":58,"column":0},"end":{"line":58,"column":41}}},"fnMap":{"0":{"name":"(anonymous_0)","decl":{"start":{"line":38,"column":26},"end":{"line":38,"column":null}},"loc":{"start":{"line":41,"column":8},"end":{"line":50,"column":5}}},"1":{"name":"(anonymous_1)","decl":{"start":{"line":51,"column":16},"end":{"line":51,"column":17}},"loc":{"start":{"line":51,"column":59},"end":{"line":53,"column":5}}}},"branchMap":{"0":{"loc":{"start":{"line":42,"column":6},"end":{"line":49,"column":7}},"type":"if","locations":[{"start":{"line":42,"column":6},"end":{"line":49,"column":7}},{"start":{"line":47,"column":13},"end":{"line":49,"column":7}}]},"1":{"loc":{"start":{"line":43,"column":8},"end":{"line":44,"column":43}},"type":"binary-expr","locations":[{"start":{"line":43,"column":8},"end":{"line":43,"column":44}},{"start":{"line":44,"column":8},"end":{"line":44,"column":43}}]}},"s":{"0":0,"1":0,"2":0,"3":0,"4":0,"5":0,"6":0,"7":0,"8":0},"f":{"0":0,"1":0},"b":{"0":[0,0],"1":[0,0]}}
}
