TN:
SF:src\App.tsx
FN:5,App
FNF:1
FNH:0
FNDA:0,App
DA:1,0
DA:2,0
DA:3,0
DA:6,0
DA:13,0
LF:5
LH:0
BRF:0
BRH:0
end_of_record
TN:
SF:src\main.tsx
FNF:0
FNH:0
DA:1,0
DA:2,0
DA:3,0
DA:4,0
DA:5,0
DA:6,0
DA:8,0
LF:7
LH:0
BRF:0
BRH:0
end_of_record
TN:
SF:src\components\form-components\address-section\address-section.tsx
FN:9,(anonymous_0)
FNF:1
FNH:0
FNDA:0,(anonymous_0)
DA:1,0
DA:7,0
DA:9,0
DA:10,0
DA:92,0
LF:5
LH:0
BRF:0
BRH:0
end_of_record
TN:
SF:src\components\form-components\button-configs\standard-button-config.tsx
FN:6,(anonymous_0)
FNF:1
FNH:0
FNDA:0,(anonymous_0)
DA:6,0
DA:7,0
DA:8,0
DA:33,0
LF:4
LH:0
BRF:0
BRH:0
end_of_record
TN:
SF:src\components\form-components\contact-section\contact-section.tsx
FN:1,(anonymous_0)
FNF:1
FNH:0
FNDA:0,(anonymous_0)
DA:1,0
DA:2,0
DA:52,0
LF:3
LH:0
BRF:0
BRH:0
end_of_record
TN:
SF:src\components\form-components\state-selector\state-selector.tsx
FN:7,(anonymous_0)
FNF:1
FNH:0
FNDA:0,(anonymous_0)
DA:1,0
DA:7,0
DA:10,0
DA:12,0
DA:76,0
LF:5
LH:0
BRF:0
BRH:0
end_of_record
TN:
SF:src\hooks\useApi.ts
FN:18,(anonymous_0)
FN:28,(anonymous_1)
FNF:2
FNH:2
FNDA:2,(anonymous_0)
FNDA:1,(anonymous_1)
DA:1,1
DA:2,1
DA:18,1
DA:24,2
DA:25,2
DA:26,2
DA:28,2
DA:29,1
DA:30,1
DA:32,1
DA:39,1
DA:40,1
DA:41,1
DA:43,0
DA:45,1
DA:49,2
LF:16
LH:15
BRDA:20,0,0,2
BRDA:21,1,0,2
BRDA:22,2,0,2
BRDA:43,3,0,0
BRDA:43,3,1,0
BRF:5
BRH:3
end_of_record
TN:
SF:src\mocks\handlers.ts
FN:4,(anonymous_0)
FNF:1
FNH:0
FNDA:0,(anonymous_0)
DA:1,1
DA:3,1
DA:5,0
LF:3
LH:2
BRF:0
BRH:0
end_of_record
TN:
SF:src\mocks\server.ts
FNF:0
FNH:0
DA:1,1
DA:2,1
DA:4,1
LF:3
LH:3
BRF:0
BRH:0
end_of_record
TN:
SF:src\pages\register-student\register-student.tsx
FN:7,(anonymous_0)
FN:8,(anonymous_1)
FN:51,(anonymous_2)
FN:52,(anonymous_3)
FNF:4
FNH:0
FNDA:0,(anonymous_0)
FNDA:0,(anonymous_1)
FNDA:0,(anonymous_2)
FNDA:0,(anonymous_3)
DA:1,0
DA:2,0
DA:3,0
DA:4,0
DA:7,0
DA:8,0
DA:9,0
DA:10,0
DA:11,0
DA:13,0
DA:22,0
DA:44,0
DA:48,0
DA:51,0
DA:52,0
DA:54,0
LF:16
LH:0
BRF:0
BRH:0
end_of_record
TN:
SF:src\store\edmisAccountSlice.ts
FN:38,(anonymous_0)
FN:51,(anonymous_1)
FNF:2
FNH:0
FNDA:0,(anonymous_0)
FNDA:0,(anonymous_1)
DA:1,0
DA:24,0
DA:34,0
DA:42,0
DA:46,0
DA:48,0
DA:52,0
DA:57,0
DA:58,0
LF:9
LH:0
BRDA:42,0,0,0
BRDA:42,0,1,0
BRDA:43,1,0,0
BRDA:43,1,1,0
BRF:4
BRH:0
end_of_record
