TN:
SF:src\App.tsx
FN:6,App
FNF:1
FNH:1
FNDA:1,App
DA:1,1
DA:2,1
DA:3,1
DA:4,1
DA:7,1
DA:14,1
LF:6
LH:6
BRF:0
BRH:0
end_of_record
TN:
SF:src\components\form-components\address-section\address-section.tsx
FN:9,(anonymous_0)
FNF:1
FNH:1
FNDA:1,(anonymous_0)
DA:1,2
DA:7,2
DA:9,2
DA:10,1
DA:92,2
LF:5
LH:5
BRF:0
BRH:0
end_of_record
TN:
SF:src\components\form-components\button-configs\standard-button-config.tsx
FN:7,(anonymous_0)
FNF:1
FNH:1
FNDA:1,(anonymous_0)
DA:7,2
DA:8,1
DA:9,1
DA:36,2
LF:4
LH:4
BRDA:19,0,0,1
BRDA:19,0,1,0
BRF:2
BRH:1
end_of_record
TN:
SF:src\components\form-components\contact-section\contact-section.tsx
FN:1,(anonymous_0)
FNF:1
FNH:1
FNDA:1,(anonymous_0)
DA:1,2
DA:2,1
DA:52,2
LF:3
LH:3
BRF:0
BRH:0
end_of_record
TN:
SF:src\components\form-components\state-selector\state-selector.tsx
FN:7,(anonymous_0)
FNF:1
FNH:1
FNDA:2,(anonymous_0)
DA:1,2
DA:7,2
DA:10,2
DA:12,2
DA:76,2
LF:5
LH:5
BRF:0
BRH:0
end_of_record
TN:
SF:src\components\layout\layout.tsx
FN:7,(anonymous_0)
FN:9,(anonymous_1)
FN:13,(anonymous_2)
FN:14,(anonymous_3)
FN:46,(anonymous_4)
FN:46,(anonymous_5)
FN:56,(anonymous_6)
FN:56,(anonymous_7)
FNF:8
FNH:5
FNDA:5,(anonymous_0)
FNDA:20,(anonymous_1)
FNDA:0,(anonymous_2)
FNDA:20,(anonymous_3)
FNDA:2,(anonymous_4)
FNDA:2,(anonymous_5)
FNDA:0,(anonymous_6)
FNDA:0,(anonymous_7)
DA:1,2
DA:2,2
DA:3,2
DA:4,2
DA:5,2
DA:7,2
DA:8,5
DA:9,5
DA:10,20
DA:13,0
DA:15,20
DA:22,5
DA:46,2
DA:56,0
DA:83,2
LF:15
LH:13
BRDA:15,0,0,5
BRDA:15,0,1,15
BRF:2
BRH:2
end_of_record
TN:
SF:src\components\layout\nav-links.ts
FNF:0
FNH:0
DA:1,2
LF:1
LH:1
BRF:0
BRH:0
end_of_record
TN:
SF:src\hooks\useApi.ts
FN:18,(anonymous_0)
FN:29,(anonymous_1)
FNF:2
FNH:2
FNDA:3,(anonymous_0)
FNDA:1,(anonymous_1)
DA:1,3
DA:2,3
DA:18,3
DA:24,3
DA:25,3
DA:26,3
DA:28,3
DA:30,1
DA:31,1
DA:33,1
DA:40,1
DA:41,1
DA:42,1
DA:44,0
DA:46,1
DA:52,3
LF:16
LH:15
BRDA:20,0,0,2
BRDA:21,1,0,2
BRDA:22,2,0,3
BRDA:44,3,0,0
BRDA:44,3,1,0
BRF:5
BRH:3
end_of_record
TN:
SF:src\pages\home-page\home-page.tsx
FN:3,(anonymous_0)
FNF:1
FNH:1
FNDA:2,(anonymous_0)
DA:1,2
DA:3,2
DA:4,2
DA:145,2
LF:4
LH:4
BRF:0
BRH:0
end_of_record
TN:
SF:src\pages\not-found\not-found.tsx
FN:1,(anonymous_0)
FNF:1
FNH:1
FNDA:1,(anonymous_0)
DA:1,2
DA:2,1
DA:5,2
LF:3
LH:3
BRF:0
BRH:0
end_of_record
TN:
SF:src\pages\register-student\register-student.tsx
FN:9,(anonymous_0)
FN:19,(anonymous_1)
FN:23,(anonymous_2)
FN:69,(anonymous_3)
FNF:4
FNH:1
FNDA:1,(anonymous_0)
FNDA:0,(anonymous_1)
FNDA:0,(anonymous_2)
FNDA:0,(anonymous_3)
DA:1,2
DA:2,2
DA:3,2
DA:4,2
DA:6,2
DA:7,2
DA:9,2
DA:11,1
DA:13,1
DA:19,1
DA:20,0
DA:23,1
DA:24,0
DA:26,0
DA:27,0
DA:29,0
DA:30,0
DA:32,0
DA:41,0
DA:63,0
DA:64,0
DA:66,0
DA:69,1
DA:70,0
DA:71,0
DA:72,0
DA:76,1
LF:27
LH:13
BRDA:27,0,0,0
BRDA:71,1,0,0
BRDA:82,2,0,1
BRDA:82,2,1,0
BRDA:83,3,0,1
BRDA:83,3,1,0
BRDA:84,4,0,1
BRDA:84,4,1,0
BRF:8
BRH:3
end_of_record
TN:
SF:src\pages\student-detail\student-detail.tsx
FN:1,(anonymous_0)
FNF:1
FNH:1
FNDA:1,(anonymous_0)
DA:1,2
DA:2,1
DA:5,2
LF:3
LH:3
BRF:0
BRH:0
end_of_record
TN:
SF:src\pages\student-list\student-list.tsx
FN:1,(anonymous_0)
FNF:1
FNH:1
FNDA:1,(anonymous_0)
DA:1,2
DA:2,1
DA:5,2
LF:3
LH:3
BRF:0
BRH:0
end_of_record
TN:
SF:src\pages\subject-list\subject-list.tsx
FN:1,(anonymous_0)
FNF:1
FNH:1
FNDA:1,(anonymous_0)
DA:1,2
DA:2,1
DA:5,2
LF:3
LH:3
BRF:0
BRH:0
end_of_record
TN:
SF:src\routes\AppRouter.tsx
FN:10,(anonymous_0)
FNF:1
FNH:1
FNDA:1,(anonymous_0)
DA:1,1
DA:2,1
DA:3,1
DA:4,1
DA:5,1
DA:6,1
DA:7,1
DA:8,1
DA:10,1
DA:11,1
DA:25,1
LF:11
LH:11
BRF:0
BRH:0
end_of_record
TN:
SF:src\store\edmisAccountSlice.ts
FN:38,(anonymous_0)
FN:51,(anonymous_1)
FNF:2
FNH:1
FNDA:2,(anonymous_0)
FNDA:0,(anonymous_1)
DA:1,1
DA:24,1
DA:34,1
DA:42,2
DA:46,1
DA:48,1
DA:52,0
DA:57,1
DA:58,1
LF:9
LH:8
BRDA:42,0,0,1
BRDA:42,0,1,1
BRDA:43,1,0,2
BRDA:43,1,1,1
BRF:4
BRH:4
end_of_record
TN:
SF:src\test-utils\test-utils.tsx
FN:4,(anonymous_0)
FNF:1
FNH:1
FNDA:2,(anonymous_0)
DA:1,1
DA:2,1
DA:4,1
DA:5,2
LF:4
LH:4
BRF:0
BRH:0
end_of_record
